Mono path[0] = 'D:/Unity Projects/NeuralNetwork/Builds/V5/NeuralNetwork_Data/Managed'
Mono config path = 'D:/Unity Projects/NeuralNetwork/Builds/V5/MonoBleedingEdge/etc'
Initialize engine version: 2020.3.26f1 (7298b473bc1a)
[Subsystems] Discovering subsystems at path D:/Unity Projects/NeuralNetwork/Builds/V5/NeuralNetwork_Data/UnitySubsystems
Forcing GfxDevice: Null
GfxDevice: creating device client; threaded=0
NullGfxDevice:
    Version:  NULL 1.0 [1.0]
    Renderer: Null Device
    Vendor:   Unity Technologies
Begin MonoManager ReloadAssembly
- Completed reload, in  0.484 seconds
ERROR: Shader Sprites/Default shader is not supported on this GPU (none of subshaders/fallbacks are suitable)
Microsoft Media Foundation video decoding to texture disabled: graphics device is Null, only Direct3D 11 and Direct3D 12 (only on desktop) are supported for hardware-accelerated video decoding.
ERROR: Shader Sprites/Mask shader is not supported on this GPU (none of subshaders/fallbacks are suitable)
ERROR: Shader Legacy Shaders/VertexLit shader is not supported on this GPU (none of subshaders/fallbacks are suitable)
WARNING: Shader Unsupported: 'Standard' - All subshaders removed
WARNING: Shader Did you use #pragma only_renderers and omit this platform?
WARNING: Shader If subshaders removal was intentional, you may have forgotten turning Fallback off?
ERROR: Shader Standard shader is not supported on this GPU (none of subshaders/fallbacks are suitable)
WARNING: Shader Unsupported: 'Standard' - All subshaders removed
WARNING: Shader Did you use #pragma only_renderers and omit this platform?
WARNING: Shader If subshaders removal was intentional, you may have forgotten turning Fallback off?
UnloadTime: 0.401900 ms
Fallback handler could not load library D:/Unity Projects/NeuralNetwork/Builds/V5/NeuralNetwork_Data/Mono/libcoreclr.so
Fallback handler could not load library D:/Unity Projects/NeuralNetwork/Builds/V5/NeuralNetwork_Data/Mono/libcoreclr.so.dll
Fallback handler could not load library D:/Unity Projects/NeuralNetwork/Builds/V5/NeuralNetwork_Data/Mono/libcoreclr.so
Fallback handler could not load library D:/Unity Projects/NeuralNetwork/Builds/V5/NeuralNetwork_Data/Mono/libdl.so
Fallback handler could not load library D:/Unity Projects/NeuralNetwork/Builds/V5/NeuralNetwork_Data/Mono/libdl.so.dll
Fallback handler could not load library D:/Unity Projects/NeuralNetwork/Builds/V5/NeuralNetwork_Data/Mono/libdl.so
Fallback handler could not load library D:/Unity Projects/NeuralNetwork/Builds/V5/NeuralNetwork_Data/Mono/libSystem.dylib
Fallback handler could not load library D:/Unity Projects/NeuralNetwork/Builds/V5/NeuralNetwork_Data/Mono/libSystem.dylib.dll
Fallback handler could not load library D:/Unity Projects/NeuralNetwork/Builds/V5/NeuralNetwork_Data/Mono/libSystem.dylib
Fallback handler could not load library D:/Unity Projects/NeuralNetwork/Builds/V5/NeuralNetwork_Data/Mono/libcoreclr.so
Fallback handler could not load library D:/Unity Projects/NeuralNetwork/Builds/V5/NeuralNetwork_Data/Mono/libcoreclr.so.dll
Fallback handler could not load library D:/Unity Projects/NeuralNetwork/Builds/V5/NeuralNetwork_Data/Mono/libcoreclr.so
Fallback handler could not load library D:/Unity Projects/NeuralNetwork/Builds/V5/NeuralNetwork_Data/Mono/libdl.so
Fallback handler could not load library D:/Unity Projects/NeuralNetwork/Builds/V5/NeuralNetwork_Data/Mono/libdl.so.dll
Fallback handler could not load library D:/Unity Projects/NeuralNetwork/Builds/V5/NeuralNetwork_Data/Mono/libdl.so
Fallback handler could not load library D:/Unity Projects/NeuralNetwork/Builds/V5/NeuralNetwork_Data/Mono/libSystem.dylib
Fallback handler could not load library D:/Unity Projects/NeuralNetwork/Builds/V5/NeuralNetwork_Data/Mono/libSystem.dylib.dll
Fallback handler could not load library D:/Unity Projects/NeuralNetwork/Builds/V5/NeuralNetwork_Data/Mono/libSystem.dylib
failed to get 100ns ticks
Unable to save timers to file D:/Unity Projects/NeuralNetwork/Builds/V5/NeuralNetwork_Data\ML-Agents\Timers\MLAgents_timers.json
Setting up 10 worker threads for Enlighten.
  Thread -> id: b4ac -> priority: 1 
  Thread -> id: 68c8 -> priority: 1 
  Thread -> id: 5254 -> priority: 1 
  Thread -> id: 6f90 -> priority: 1 
  Thread -> id: bf60 -> priority: 1 
  Thread -> id: a528 -> priority: 1 
  Thread -> id: 202c -> priority: 1 
  Thread -> id: 6d54 -> priority: 1 
  Thread -> id: a9dc -> priority: 1 
  Thread -> id: 6d98 -> priority: 1 
