Mono path[0] = 'D:/Unity Projects/NeuralNetwork/Builds/justDrive/NeuralNetwork_Data/Managed'
Mono config path = 'D:/Unity Projects/NeuralNetwork/Builds/justDrive/MonoBleedingEdge/etc'
Initialize engine version: 2020.3.26f1 (7298b473bc1a)
[Subsystems] Discovering subsystems at path D:/Unity Projects/NeuralNetwork/Builds/justDrive/NeuralNetwork_Data/UnitySubsystems
Forcing GfxDevice: Null
GfxDevice: creating device client; threaded=0
NullGfxDevice:
    Version:  NULL 1.0 [1.0]
    Renderer: Null Device
    Vendor:   Unity Technologies
Begin MonoManager ReloadAssembly
- Completed reload, in  0.286 seconds
ERROR: Shader Sprites/Default shader is not supported on this GPU (none of subshaders/fallbacks are suitable)
Microsoft Media Foundation video decoding to texture disabled: graphics device is Null, only Direct3D 11 and Direct3D 12 (only on desktop) are supported for hardware-accelerated video decoding.
ERROR: Shader Sprites/Mask shader is not supported on this GPU (none of subshaders/fallbacks are suitable)
ERROR: Shader Legacy Shaders/VertexLit shader is not supported on this GPU (none of subshaders/fallbacks are suitable)
WARNING: Shader Unsupported: 'Standard' - All subshaders removed
WARNING: Shader Did you use #pragma only_renderers and omit this platform?
WARNING: Shader If subshaders removal was intentional, you may have forgotten turning Fallback off?
ERROR: Shader Standard shader is not supported on this GPU (none of subshaders/fallbacks are suitable)
WARNING: Shader Unsupported: 'Standard' - All subshaders removed
WARNING: Shader Did you use #pragma only_renderers and omit this platform?
WARNING: Shader If subshaders removal was intentional, you may have forgotten turning Fallback off?
UnloadTime: 0.415000 ms
(25, 24)
(19, 28)
(31, 28)
(23, 20)
(6, 22)
(23, 18)
(18, 26)
(18, 25)
Fallback handler could not load library D:/Unity Projects/NeuralNetwork/Builds/justDrive/NeuralNetwork_Data/Mono/libcoreclr.so
Fallback handler could not load library D:/Unity Projects/NeuralNetwork/Builds/justDrive/NeuralNetwork_Data/Mono/libcoreclr.so.dll
Fallback handler could not load library D:/Unity Projects/NeuralNetwork/Builds/justDrive/NeuralNetwork_Data/Mono/libcoreclr.so
Fallback handler could not load library D:/Unity Projects/NeuralNetwork/Builds/justDrive/NeuralNetwork_Data/Mono/libdl.so
Fallback handler could not load library D:/Unity Projects/NeuralNetwork/Builds/justDrive/NeuralNetwork_Data/Mono/libdl.so.dll
Fallback handler could not load library D:/Unity Projects/NeuralNetwork/Builds/justDrive/NeuralNetwork_Data/Mono/libdl.so
Fallback handler could not load library D:/Unity Projects/NeuralNetwork/Builds/justDrive/NeuralNetwork_Data/Mono/libSystem.dylib
Fallback handler could not load library D:/Unity Projects/NeuralNetwork/Builds/justDrive/NeuralNetwork_Data/Mono/libSystem.dylib.dll
Fallback handler could not load library D:/Unity Projects/NeuralNetwork/Builds/justDrive/NeuralNetwork_Data/Mono/libSystem.dylib
Fallback handler could not load library D:/Unity Projects/NeuralNetwork/Builds/justDrive/NeuralNetwork_Data/Mono/libcoreclr.so
Fallback handler could not load library D:/Unity Projects/NeuralNetwork/Builds/justDrive/NeuralNetwork_Data/Mono/libcoreclr.so.dll
Fallback handler could not load library D:/Unity Projects/NeuralNetwork/Builds/justDrive/NeuralNetwork_Data/Mono/libcoreclr.so
Fallback handler could not load library D:/Unity Projects/NeuralNetwork/Builds/justDrive/NeuralNetwork_Data/Mono/libdl.so
Fallback handler could not load library D:/Unity Projects/NeuralNetwork/Builds/justDrive/NeuralNetwork_Data/Mono/libdl.so.dll
Fallback handler could not load library D:/Unity Projects/NeuralNetwork/Builds/justDrive/NeuralNetwork_Data/Mono/libdl.so
Fallback handler could not load library D:/Unity Projects/NeuralNetwork/Builds/justDrive/NeuralNetwork_Data/Mono/libSystem.dylib
Fallback handler could not load library D:/Unity Projects/NeuralNetwork/Builds/justDrive/NeuralNetwork_Data/Mono/libSystem.dylib.dll
Fallback handler could not load library D:/Unity Projects/NeuralNetwork/Builds/justDrive/NeuralNetwork_Data/Mono/libSystem.dylib
failed to get 100ns ticks
(12, 10)
(29, 16)
(25, 10)
(0, 13)
(9, 20)
(0, 10)
(1, 22)
(22, 15)
(21, 28)
(8, 6)
(10, 28)
(1, 25)
(32, 6)
(1, 7)
(13, 5)
(7, 7)
(19, 19)
(22, 12)
(19, 19)
(18, 21)
(4, 28)
(30, 6)
(11, 16)
(22, 5)
(5, 7)
(3, 20)
(21, 23)
(25, 23)
(22, 17)
(0, 6)
(7, 22)
(19, 26)
(11, 22)
(30, 9)
(23, 10)
(14, 26)
(11, 14)
(0, 9)
(28, 11)
(17, 10)
(2, 20)
(13, 19)
(23, 20)
(2, 18)
(11, 6)
(15, 16)
(7, 23)
(11, 14)
(8, 7)
(12, 24)
(6, 22)
(24, 6)
(14, 13)
(30, 9)
(21, 17)
(13, 24)
(6, 21)
(24, 8)
(23, 20)
(20, 17)
(5, 25)
(28, 5)
(27, 26)
(29, 24)
(14, 26)
(15, 10)
(26, 12)
(8, 8)
(19, 14)
(15, 14)
(18, 27)
(7, 9)
(31, 27)
(17, 6)
(21, 7)
(22, 11)
(17, 13)
(15, 11)
(9, 24)
(12, 6)
(18, 22)
(10, 26)
(19, 15)
(30, 5)
(10, 24)
(24, 28)
(15, 13)
(19, 12)
(29, 18)
(1, 6)
(6, 27)
(3, 24)
(6, 6)
(9, 14)
(10, 25)
(7, 8)
(12, 13)
(20, 28)
(20, 7)
(17, 22)
(22, 23)
(22, 25)
(17, 13)
(13, 12)
(21, 14)
(3, 5)
(3, 26)
(22, 7)
(19, 7)
(1, 5)
(26, 8)
(13, 5)
(9, 14)
(22, 27)
(6, 25)
(8, 8)
(14, 16)
(16, 8)
(9, 6)
(25, 23)
(18, 24)
(3, 8)
(6, 16)
(19, 10)
(1, 19)
(32, 18)
(6, 17)
(3, 18)
(22, 26)
(28, 12)
(22, 26)
(30, 24)
(0, 21)
(17, 12)
(12, 16)
(3, 11)
(16, 27)
(30, 15)
(30, 21)
(26, 21)
(3, 15)
(1, 12)
(4, 19)
(14, 12)
(10, 11)
(22, 25)
(9, 21)
(23, 16)
(1, 18)
(26, 8)
(21, 20)
(19, 25)
(8, 12)
(20, 21)
(4, 25)
(31, 6)
(20, 14)
(12, 27)
(11, 22)
(26, 26)
(8, 25)
(17, 5)
(30, 23)
(24, 18)
(21, 18)
(2, 10)
(32, 7)
(10, 13)
(2, 25)
(30, 7)
(18, 12)
(5, 22)
(8, 16)
(21, 26)
(22, 27)
(2, 8)
(14, 16)
(12, 26)
(20, 20)
(7, 23)
(27, 17)
(18, 5)
(3, 15)
(18, 9)
(31, 15)
(0, 16)
(28, 5)
(16, 27)
(23, 13)
(14, 13)
(16, 8)
(10, 9)
(22, 26)
(17, 15)
(9, 13)
(3, 24)
(7, 7)
(24, 10)
(27, 16)
(11, 27)
(10, 16)
(28, 26)
(13, 23)
(2, 14)
(19, 5)
(6, 13)
(26, 15)
(2, 28)
(15, 7)
(12, 23)
(1, 26)
(2, 15)
(10, 20)
(4, 8)
(10, 11)
(17, 27)
(13, 27)
(25, 5)
(19, 20)
(7, 28)
(25, 14)
(27, 7)
(8, 15)
(29, 7)
(26, 9)
(6, 25)
(0, 12)
(18, 27)
(4, 11)
(27, 11)
(6, 13)
(1, 6)
(26, 6)
(13, 6)
(19, 22)
(27, 7)
(26, 25)
(29, 8)
(10, 6)
(12, 12)
(13, 11)
(1, 23)
(19, 20)
(16, 26)
(8, 13)
(18, 14)
(5, 24)
(11, 24)
(24, 22)
(1, 14)
(7, 28)
(4, 11)
(12, 7)
(21, 28)
(23, 23)
(6, 19)
(12, 23)
(26, 5)
(0, 21)
(15, 8)
(10, 11)
(25, 10)
(26, 18)
(7, 16)
(6, 11)
(18, 8)
(2, 10)
(25, 15)
(0, 14)
(1, 14)
(28, 19)
(13, 22)
(11, 20)
(8, 18)
(15, 28)
(21, 5)
(8, 6)
(27, 27)
(9, 23)
(12, 9)
(17, 6)
(6, 16)
(1, 9)
(17, 8)
(9, 15)
(14, 18)
(9, 11)
(31, 28)
(25, 21)
(31, 11)
(8, 24)
(28, 28)
(6, 22)
(27, 25)
(17, 21)
(17, 22)
(16, 19)
(21, 14)
(10, 8)
(26, 28)
(2, 5)
(16, 21)
(6, 20)
(29, 7)
(14, 5)
(12, 24)
(18, 17)
(20, 27)
(18, 11)
(23, 20)
(4, 8)
(7, 21)
(8, 8)
(1, 12)
(17, 9)
(2, 18)
(8, 8)
(1, 7)
(30, 9)
(13, 8)
(18, 5)
(22, 8)
(1, 22)
(1, 12)
(22, 7)
(24, 6)
(5, 20)
(32, 10)
(15, 23)
(29, 14)
(5, 8)
(27, 10)
(23, 9)
(7, 8)
(25, 5)
(0, 19)
(0, 8)
(28, 14)
(7, 17)
(8, 23)
(3, 8)
(8, 10)
(12, 25)
(11, 24)
(0, 27)
(28, 26)
(14, 11)
(1, 27)
(22, 9)
(13, 12)
(4, 17)
(23, 11)
(17, 28)
(18, 24)
(3, 8)
(31, 17)
(23, 27)
(30, 24)
(13, 22)
(30, 11)
(0, 10)
(18, 20)
(29, 15)
(24, 21)
(11, 12)
(15, 14)
(13, 18)
(19, 15)
(20, 11)
(5, 15)
(12, 27)
(27, 17)
(32, 19)
(16, 13)
(24, 13)
(2, 6)
(21, 16)
(22, 15)
(9, 18)
(18, 18)
(3, 13)
(18, 11)
(18, 28)
(19, 14)
(31, 24)
(30, 14)
(0, 21)
(14, 24)
(31, 25)
(9, 16)
(30, 25)
(7, 19)
(8, 21)
(0, 18)
(9, 13)
(27, 10)
(5, 28)
(16, 7)
(23, 24)
(6, 11)
(30, 13)
(21, 16)
(21, 22)
(0, 21)
(17, 15)
(18, 14)
(0, 28)
(11, 26)
(12, 22)
(4, 19)
(3, 18)
(13, 26)
(18, 5)
(24, 18)
(26, 13)
(15, 5)
(8, 14)
(0, 17)
(15, 26)
(3, 21)
(23, 18)
(13, 17)
(0, 23)
(27, 17)
(10, 15)
(20, 10)
(11, 21)
(4, 24)
(9, 6)
(20, 27)
(12, 18)
(31, 27)
(1, 5)
(21, 18)
(18, 21)
(25, 8)
(25, 13)
(3, 14)
(27, 27)
(12, 27)
(18, 23)
(22, 11)
(1, 6)
(8, 14)
(14, 25)
(2, 28)
(32, 17)
(19, 25)
(10, 22)
(26, 5)
(4, 10)
(12, 12)
(27, 16)
(32, 18)
(2, 7)
(0, 10)
(14, 11)
(25, 15)
(15, 18)
(24, 24)
(24, 26)
(0, 20)
(15, 26)
(1, 9)
(30, 10)
(28, 24)
(3, 15)
(14, 5)
(5, 17)
(7, 25)
(6, 25)
(9, 18)
(16, 26)
(29, 26)
(21, 18)
(20, 22)
(23, 19)
(6, 27)
(6, 24)
(16, 18)
(31, 18)
(14, 20)
(17, 26)
(21, 9)
(24, 16)
(13, 10)
(4, 9)
(29, 15)
(6, 12)
(5, 13)
(2, 27)
(15, 5)
(10, 7)
(24, 16)
(14, 5)
(19, 6)
(15, 25)
(16, 5)
(5, 9)
(19, 13)
(23, 15)
(20, 21)
(15, 21)
(18, 5)
(25, 18)
(3, 10)
(17, 21)
(13, 28)
(23, 25)
(17, 21)
(18, 12)
(11, 11)
(6, 18)
(9, 22)
(26, 14)
(21, 21)
(7, 10)
(2, 18)
(2, 25)
(6, 5)
(4, 24)
(11, 27)
(13, 27)
(19, 12)
(6, 13)
(2, 21)
(23, 20)
(20, 9)
(0, 22)
(30, 14)
(4, 19)
(1, 10)
(12, 22)
(18, 8)
(26, 21)
(28, 14)
(29, 24)
(11, 13)
(12, 10)
(12, 15)
(7, 26)
(4, 12)
(30, 22)
(12, 24)
(16, 17)
(1, 11)
(11, 5)
(27, 5)
(26, 5)
(2, 10)
(12, 14)
(13, 6)
(14, 16)
(26, 14)
(32, 22)
(0, 17)
(11, 19)
(9, 7)
(29, 9)
(0, 14)
(6, 7)
(22, 9)
(5, 14)
(25, 19)
(14, 22)
(11, 7)
(15, 23)
(14, 15)
(20, 26)
(5, 23)
(16, 15)
(5, 8)
(16, 26)
(0, 6)
(19, 25)
(10, 6)
(20, 17)
(13, 26)
(20, 27)
(32, 6)
(16, 17)
(29, 24)
(11, 14)
(15, 9)
(10, 25)
(29, 14)
(25, 7)
(6, 26)
(8, 22)
(19, 20)
(29, 19)
(24, 7)
(10, 27)
(17, 10)
(19, 20)
(1, 10)
(18, 23)
(8, 19)
(4, 27)
(21, 14)
(18, 9)
(3, 16)
(10, 13)
(18, 6)
(17, 15)
(6, 21)
(4, 21)
(20, 14)
(17, 27)
(0, 27)
(26, 25)
(9, 28)
(6, 24)
(3, 8)
(19, 27)
(1, 26)
(19, 22)
(21, 20)
(9, 7)
(26, 22)
(31, 5)
(17, 13)
(28, 22)
(29, 17)
(4, 16)
(12, 15)
(27, 17)
(4, 21)
(17, 27)
(12, 7)
(14, 12)
(7, 21)
(28, 17)
(5, 17)
(19, 25)
(1, 14)
(15, 26)
(4, 14)
(11, 19)
(23, 9)
(3, 8)
(11, 27)
(7, 13)
(8, 14)
(17, 23)
(13, 14)
(23, 28)
(17, 27)
(20, 22)
(15, 19)
(14, 27)
(14, 16)
(26, 19)
(22, 6)
(25, 17)
(16, 26)
(15, 19)
(19, 26)
(17, 28)
(5, 11)
(1, 18)
(1, 23)
(4, 15)
(2, 11)
(14, 22)
(30, 15)
(19, 12)
(21, 8)
(20, 14)
(0, 15)
(8, 26)
(28, 13)
(28, 10)
(13, 13)
(13, 28)
(9, 11)
(31, 15)
(14, 27)
(1, 10)
(17, 14)
(20, 19)
(26, 10)
(12, 28)
(29, 28)
(23, 9)
(16, 7)
(13, 27)
(12, 8)
(9, 6)
(17, 23)
(32, 16)
(30, 13)
(10, 26)
(14, 22)
(29, 28)
(3, 9)
(11, 11)
(5, 28)
(26, 10)
(11, 27)
(15, 5)
(2, 18)
(12, 22)
(31, 27)
(7, 5)
(14, 6)
(6, 8)
(13, 21)
(5, 22)
(12, 17)
(3, 24)
(19, 10)
(4, 22)
(29, 10)
(19, 10)
(19, 17)
(25, 10)
(26, 12)
(15, 10)
(12, 6)
(12, 20)
(9, 14)
(16, 8)
(13, 7)
(13, 26)
(19, 19)
(13, 16)
(24, 18)
(8, 12)
(6, 28)
(5, 23)
(4, 17)
(19, 6)
(11, 8)
(12, 19)
(21, 7)
(24, 20)
(28, 13)
(5, 6)
(31, 21)
(32, 21)
(7, 22)
(10, 8)
(7, 24)
(15, 25)
(15, 27)
(23, 12)
(26, 13)
(11, 5)
(28, 6)
(21, 17)
(16, 5)
(24, 13)
(30, 14)
(23, 23)
(20, 18)
(7, 7)
(27, 25)
(15, 7)
(31, 24)
(23, 6)
(9, 8)
(17, 15)
(20, 16)
(28, 20)
(12, 13)
(2, 10)
(20, 5)
(13, 16)
(15, 26)
(4, 14)
(1, 6)
(13, 15)
(25, 22)
(6, 14)
(14, 7)
(19, 28)
(16, 14)
(3, 11)
(10, 13)
(23, 14)
(18, 22)
(11, 26)
(2, 10)
(24, 5)
(7, 5)
(18, 12)
(24, 25)
(13, 12)
(23, 23)
(18, 11)
(4, 24)
(1, 24)
(11, 11)
(22, 13)
(19, 5)
(7, 28)
(4, 10)
(20, 18)
(23, 22)
(20, 13)
(27, 7)
(4, 22)
(0, 10)
(25, 21)
(3, 16)
(13, 27)
(16, 28)
(3, 6)
(11, 27)
(10, 22)
(16, 21)
(24, 5)
(15, 10)
(20, 5)
(11, 6)
(19, 26)
(11, 27)
(5, 22)
(13, 12)
(17, 17)
(20, 26)
(3, 9)
(15, 21)
(17, 13)
(17, 15)
(21, 7)
(16, 26)
(15, 20)
(25, 15)
(27, 24)
(14, 19)
(5, 15)
(11, 12)
(20, 24)
(11, 17)
(3, 20)
(29, 26)
(12, 15)
(18, 12)
(8, 7)
(4, 23)
(23, 21)
(2, 25)
(2, 5)
(3, 26)
(12, 6)
(15, 25)
(30, 9)
(24, 28)
(11, 15)
(8, 22)
(20, 11)
(10, 28)
(10, 21)
(4, 5)
(20, 11)
(5, 14)
(22, 9)
(24, 22)
(26, 15)
(17, 18)
(27, 8)
(9, 12)
(11, 16)
(20, 22)
(27, 22)
(13, 23)
(12, 22)
(26, 22)
(16, 17)
(12, 9)
(7, 7)
(2, 21)
(13, 16)
(15, 8)
(31, 22)
(10, 14)
(18, 6)
(4, 15)
(4, 16)
(3, 22)
(21, 27)
(15, 11)
(8, 7)
(6, 24)
(17, 27)
(24, 5)
(25, 26)
(14, 27)
(14, 10)
(11, 22)
(22, 5)
(6, 18)
(5, 16)
(5, 7)
(27, 7)
(20, 25)
(27, 26)
(30, 9)
(17, 9)
(14, 23)
(10, 16)
(21, 7)
(18, 15)
(7, 26)
(18, 12)
(13, 26)
(13, 14)
(0, 26)
(31, 11)
(30, 12)
(7, 13)
(2, 6)
(5, 7)
(17, 9)
(9, 19)
(20, 5)
(30, 14)
(19, 23)
(14, 15)
(2, 8)
(18, 23)
(10, 26)
(9, 13)
(17, 8)
(12, 12)
(27, 15)
(20, 5)
(28, 16)
(22, 23)
(19, 7)
(13, 20)
(22, 11)
(31, 24)
(20, 25)
(17, 23)
(31, 10)
(3, 19)
(7, 23)
(4, 8)
(21, 9)
(6, 6)
(24, 21)
(7, 19)
(24, 26)
(1, 11)
(21, 21)
(20, 23)
(15, 19)
(26, 17)
(7, 17)
(15, 16)
(14, 26)
(4, 16)
(19, 24)
(24, 22)
(5, 26)
(23, 27)
(11, 13)
(5, 15)
(17, 7)
(17, 18)
(23, 8)
(5, 21)
(15, 13)
(20, 20)
(21, 27)
(19, 13)
(16, 27)
(4, 27)
(9, 18)
(0, 21)
(24, 22)
(10, 21)
(20, 27)
(18, 17)
(21, 25)
(13, 21)
(24, 19)
(0, 23)
(11, 7)
(27, 16)
(23, 15)
(7, 16)
(14, 15)
(0, 14)
(21, 19)
(21, 7)
(30, 25)
(7, 5)
(4, 27)
(19, 11)
(24, 14)
(13, 23)
(31, 18)
(11, 12)
(29, 20)
(10, 23)
(14, 16)
(25, 11)
(21, 15)
(24, 16)
(4, 15)
(4, 20)
(21, 24)
(29, 21)
(23, 15)
(19, 11)
(12, 27)
(23, 15)
(16, 22)
(6, 28)
(11, 15)
(7, 25)
(31, 10)
(26, 7)
(22, 5)
(19, 7)
(23, 8)
(2, 17)
(22, 6)
(10, 21)
(3, 9)
(5, 19)
(23, 17)
(8, 23)
(24, 26)
(4, 28)
(2, 5)
(20, 12)
(14, 8)
(28, 8)
(11, 5)
(0, 13)
(19, 20)
(14, 9)
(0, 6)
(22, 25)
(18, 21)
(7, 26)
(24, 27)
(22, 6)
(9, 27)
(0, 19)
(21, 13)
(0, 20)
(19, 5)
(21, 19)
(12, 25)
(16, 11)
(5, 13)
(14, 8)
(25, 18)
(13, 23)
(19, 7)
(27, 26)
(4, 13)
(22, 18)
(2, 14)
(3, 5)
(10, 6)
(13, 27)
(19, 16)
(12, 6)
(11, 24)
(9, 7)
(14, 21)
(4, 9)
(23, 26)
(15, 14)
(13, 24)
(17, 8)
(4, 9)
(11, 12)
(24, 24)
(4, 15)
(2, 7)
(18, 16)
(5, 16)
(2, 7)
(11, 24)
(22, 5)
(3, 19)
(0, 20)
(11, 6)
(3, 14)
(6, 8)
(16, 9)
(11, 14)
(22, 17)
(7, 10)
(4, 18)
(23, 16)
(5, 9)
(30, 22)
(4, 18)
(28, 16)
(11, 10)
(19, 25)
(21, 16)
(6, 8)
(18, 21)
(17, 25)
(13, 19)
(29, 18)
(18, 24)
(18, 6)
(1, 14)
(7, 17)
(7, 19)
(9, 20)
(21, 20)
(13, 14)
(20, 8)
(20, 22)
(2, 16)
(27, 13)
(23, 6)
(11, 18)
(8, 28)
(5, 9)
(24, 20)
(10, 12)
(15, 22)
(6, 10)
(23, 27)
(9, 7)
(4, 17)
(9, 26)
(16, 24)
(16, 26)
(23, 18)
(7, 12)
(16, 13)
(22, 22)
(24, 16)
(7, 14)
(17, 11)
(16, 24)
(30, 11)
(17, 24)
(24, 20)
(13, 17)
(12, 8)
(30, 7)
(29, 6)
(26, 17)
(9, 11)
(31, 28)
(4, 11)
(8, 8)
(2, 26)
(10, 20)
(14, 17)
(5, 15)
(7, 16)
(29, 24)
(4, 9)
(21, 23)
(19, 6)
(12, 25)
(21, 28)
(11, 19)
(12, 26)
(18, 15)
(8, 27)
(19, 15)
(6, 21)
(25, 12)
(25, 8)
(18, 12)
(15, 27)
(10, 19)
(24, 16)
(4, 22)
(27, 26)
(26, 12)
(26, 11)
(18, 16)
(14, 28)
(5, 26)
(11, 27)
(16, 27)
(12, 6)
(8, 6)
(3, 24)
(3, 21)
(28, 7)
(12, 14)
(3, 20)
(0, 21)
(22, 11)
(8, 28)
(7, 25)
(27, 8)
(20, 17)
(12, 9)
(5, 18)
(17, 5)
(25, 12)
(15, 23)
(16, 15)
(18, 23)
(13, 6)
(31, 8)
(21, 15)
(15, 14)
(20, 25)
(14, 7)
(24, 12)
(12, 18)
(18, 5)
(13, 28)
(20, 6)
(20, 23)
(5, 6)
(30, 7)
(6, 5)
(9, 20)
(23, 22)
(10, 6)
(5, 11)
(12, 27)
(11, 14)
(23, 14)
(2, 21)
(24, 9)
(29, 13)
(5, 25)
(28, 27)
(20, 25)
(18, 9)
(8, 5)
(1, 10)
(0, 22)
(26, 18)
(21, 28)
(5, 25)
(21, 26)
(21, 22)
(30, 12)
(29, 16)
(4, 10)
(0, 19)
(32, 7)
(23, 6)
(25, 9)
(28, 16)
(8, 21)
(11, 23)
(11, 8)
(21, 13)
(15, 13)
(20, 6)
(14, 15)
(25, 10)
(26, 26)
(1, 23)
(12, 9)
(23, 15)
(24, 23)
(19, 25)
(0, 23)
(4, 10)
(4, 24)
(20, 26)
(8, 26)
(24, 20)
(14, 9)
(22, 27)
(1, 6)
(0, 28)
(16, 11)
(0, 17)
(15, 23)
(0, 24)
(2, 14)
(14, 24)
(10, 12)
(8, 6)
(19, 28)
(13, 15)
(26, 25)
(11, 20)
(3, 23)
(21, 23)
(0, 21)
(11, 12)
(14, 19)
(25, 5)
(0, 11)
(10, 25)
(25, 7)
(2, 24)
(11, 5)
(5, 22)
(3, 17)
(19, 18)
(21, 25)
(20, 7)
(4, 25)
(13, 16)
(14, 18)
(2, 5)
(4, 17)
(4, 12)
(26, 13)
(23, 26)
(21, 23)
(2, 13)
(19, 13)
(8, 27)
(6, 27)
(16, 11)
(28, 21)
(16, 26)
(1, 14)
(11, 7)
(10, 22)
(8, 14)
(11, 21)
(15, 7)
(5, 20)
(9, 25)
(21, 13)
(31, 13)
(11, 10)
(11, 19)
(3, 8)
(10, 22)
(5, 18)
(21, 27)
(5, 9)
(13, 16)
(14, 14)
(17, 8)
(17, 8)
(27, 21)
(14, 13)
(11, 11)
(4, 16)
(21, 7)
(11, 6)
(24, 17)
(22, 15)
(6, 8)
(20, 26)
(3, 17)
(28, 26)
(18, 23)
(2, 20)
(6, 10)
(6, 17)
(17, 17)
(14, 22)
(9, 20)
(22, 26)
(1, 18)
(26, 27)
(6, 6)
(5, 11)
(5, 10)
(11, 12)
(26, 13)
(24, 27)
(0, 26)
(31, 17)
(6, 10)
(23, 25)
(14, 26)
(3, 12)
(17, 23)
(15, 28)
(18, 20)
(6, 17)
(9, 24)
(18, 6)
(20, 16)
(28, 14)
(25, 11)
(18, 10)
(13, 8)
(2, 27)
(23, 27)
(32, 19)
(18, 20)
(27, 27)
(23, 7)
(19, 20)
(16, 23)
(17, 7)
(8, 20)
(18, 23)
(23, 10)
(6, 8)
(25, 7)
(15, 13)
(22, 26)
(22, 9)
(32, 17)
(22, 25)
(24, 20)
(23, 20)
(19, 20)
(1, 12)
(13, 16)
(18, 15)
(31, 22)
(2, 19)
(1, 7)
(9, 13)
(21, 12)
(5, 23)
(5, 13)
(14, 20)
(4, 23)
(17, 16)
(27, 25)
(10, 20)
(14, 18)
(3, 22)
(4, 10)
(11, 25)
(22, 11)
(18, 21)
(16, 12)
(25, 21)
(16, 27)
(0, 11)
(31, 24)
(0, 9)
(14, 24)
(22, 23)
(7, 21)
(2, 10)
(6, 15)
(3, 22)
(31, 21)
(17, 27)
(11, 21)
(16, 14)
(2, 23)
(18, 10)
(19, 16)
(12, 9)
(20, 8)
(25, 13)
(22, 20)
(9, 11)
(14, 7)
(11, 25)
(27, 28)
(17, 26)
(1, 7)
(20, 8)
(20, 27)
(20, 9)
(32, 8)
(23, 11)
(5, 27)
(21, 14)
(28, 23)
(12, 16)
(4, 16)
(8, 17)
(8, 27)
(24, 14)
(24, 27)
(7, 28)
(8, 19)
(17, 14)
(22, 16)
(23, 5)
(16, 26)
(24, 11)
(18, 11)
(18, 14)
(23, 20)
(0, 13)
(10, 24)
(1, 19)
(11, 9)
(9, 20)
(11, 27)
(4, 25)
(1, 5)
(6, 26)
(23, 6)
(15, 25)
(27, 28)
(15, 13)
(15, 19)
(5, 15)
(7, 14)
(24, 9)
(14, 5)
(11, 14)
(21, 12)
(30, 26)
(19, 9)
(13, 14)
(11, 9)
(3, 23)
(3, 22)
(3, 8)
(7, 16)
(1, 25)
(19, 5)
(13, 24)
(5, 7)
(5, 18)
(13, 14)
(1, 14)
(7, 24)
(30, 20)
(8, 17)
(23, 7)
(5, 6)
(25, 28)
(28, 5)
(8, 27)
(13, 17)
(0, 23)
(22, 5)
(17, 18)
(31, 25)
(15, 17)
(22, 28)
(31, 27)
(9, 19)
(9, 15)
(30, 16)
(19, 11)
(2, 7)
(12, 18)
(22, 16)
(16, 27)
(15, 28)
(23, 17)
(0, 26)
(6, 9)
(17, 10)
(26, 7)
(22, 8)
(1, 9)
(13, 7)
(10, 14)
(21, 26)
(14, 5)
(23, 16)
(25, 16)
(22, 16)
(20, 11)
(9, 7)
(21, 11)
(12, 21)
(25, 23)
(22, 27)
(14, 12)
(7, 24)
(7, 19)
(18, 7)
(26, 9)
(13, 26)
(17, 11)
(13, 10)
(29, 5)
(16, 7)
(1, 23)
(28, 6)
(15, 9)
(23, 23)
(15, 7)
(31, 10)
(6, 10)
(5, 18)
(27, 6)
(23, 21)
(4, 17)
(9, 22)
(1, 22)
(9, 27)
(2, 9)
(29, 18)
(25, 27)
(4, 11)
(0, 24)
(5, 5)
(21, 21)
(5, 27)
(7, 12)
(6, 20)
(23, 11)
(19, 5)
(17, 6)
(2, 27)
(18, 19)
(21, 7)
(12, 18)
(4, 13)
(10, 14)
(6, 24)
(31, 24)
(24, 24)
(14, 25)
(32, 8)
(9, 20)
(8, 26)
(11, 15)
(28, 8)
(12, 26)
(14, 6)
(17, 18)
(6, 27)
(8, 9)
(29, 7)
(18, 25)
(4, 9)
(1, 11)
(19, 28)
(8, 6)
(16, 28)
(22, 13)
(30, 23)
(19, 25)
(16, 12)
(17, 8)
(0, 5)
(28, 16)
(20, 20)
(30, 18)
(12, 19)
(27, 12)
(22, 27)
(2, 23)
(13, 11)
(16, 9)
(19, 19)
(23, 10)
(19, 7)
(1, 22)
(3, 23)
(0, 17)
(24, 5)
(26, 7)
(19, 6)
(8, 9)
(14, 18)
(4, 8)
(12, 14)
(2, 15)
(3, 18)
(19, 11)
(15, 23)
(20, 17)
(0, 6)
(21, 18)
(1, 5)
(5, 11)
(29, 9)
(31, 21)
(32, 20)
(9, 13)
(15, 9)
(21, 9)
(27, 5)
(4, 20)
(12, 8)
(20, 8)
(0, 13)
(14, 22)
(26, 14)
(0, 7)
(13, 14)
(17, 17)
(21, 13)
(17, 16)
(24, 15)
(19, 11)
(13, 24)
(4, 7)
(7, 9)
(12, 7)
(30, 12)
(4, 27)
(25, 19)
(7, 11)
(7, 12)
(18, 28)
(17, 25)
(32, 15)
(4, 11)
(10, 6)
(7, 22)
(6, 17)
(23, 15)
(6, 6)
(6, 16)
(5, 28)
(11, 22)
(13, 20)
(7, 20)
(10, 7)
(9, 19)
(30, 21)
(11, 6)
(23, 22)
(0, 21)
(7, 23)
(18, 27)
(28, 22)
(29, 27)
(19, 8)
(0, 14)
(25, 15)
(5, 15)
(16, 23)
(20, 7)
(9, 24)
(14, 8)
(0, 6)
(22, 26)
(24, 28)
(16, 22)
(8, 15)
(25, 27)
(29, 15)
(15, 18)
(0, 10)
(19, 12)
(20, 20)
(12, 15)
(21, 27)
(3, 27)
(19, 11)
(20, 5)
(8, 12)
(21, 28)
(22, 16)
(12, 15)
(24, 5)
(13, 27)
(1, 19)
(24, 24)
(4, 28)
(1, 26)
(8, 5)
(2, 18)
(12, 27)
(4, 27)
(8, 12)
(6, 13)
(18, 11)
(9, 11)
(29, 27)
(4, 17)
(18, 6)
(11, 24)
(11, 21)
(0, 18)
(15, 27)
(12, 9)
(9, 22)
(0, 6)
(13, 8)
(0, 9)
(4, 6)
(18, 10)
(27, 18)
(6, 20)
(24, 6)
(10, 20)
(8, 9)
(3, 13)
(7, 25)
(2, 16)
(8, 14)
(19, 13)
(22, 24)
(24, 16)
(16, 9)
(0, 23)
(29, 26)
(5, 28)
(29, 20)
(2, 16)
(9, 26)
(1, 5)
(3, 22)
(15, 13)
(16, 13)
(11, 24)
(18, 24)
(15, 26)
(8, 19)
(21, 6)
(12, 28)
(14, 6)
(11, 10)
(19, 18)
(7, 28)
(14, 26)
(2, 10)
(27, 27)
(4, 14)
(23, 15)
(13, 14)
(27, 12)
(18, 8)
(21, 13)
(3, 16)
(9, 24)
(18, 8)
(1, 25)
(27, 8)
(4, 9)
(19, 21)
(22, 13)
(1, 27)
(8, 10)
(20, 27)
(17, 23)
(7, 7)
(19, 9)
(21, 23)
(14, 6)
(9, 12)
(2, 28)
(23, 15)
(14, 26)
(9, 23)
(0, 6)
(19, 15)
(32, 15)
(17, 10)
(13, 27)
(19, 24)
(15, 8)
(17, 15)
(7, 9)
(9, 20)
(19, 24)
(8, 8)
(18, 27)
(2, 24)
(29, 13)
(6, 10)
(17, 6)
(1, 14)
(20, 12)
(2, 5)
(10, 17)
(21, 26)
(29, 15)
(27, 15)
(4, 27)
(28, 12)
(16, 9)
(31, 13)
(10, 14)
(24, 16)
(22, 22)
(21, 7)
(7, 14)
(24, 6)
(23, 14)
(23, 24)
(30, 13)
(22, 24)
(22, 21)
(27, 11)
(17, 13)
(28, 16)
(12, 21)
(4, 12)
(21, 17)
(1, 22)
(17, 24)
(21, 16)
(22, 12)
(30, 18)
(4, 26)
(7, 25)
(18, 11)
(12, 27)
(0, 15)
(5, 17)
(5, 25)
(23, 27)
(1, 26)
(14, 18)
(3, 18)
(10, 17)
(23, 26)
(22, 5)
(14, 13)
(6, 18)
(20, 11)
(11, 6)
(3, 6)
(13, 6)
(1, 24)
(14, 14)
(6, 22)
(22, 12)
(19, 16)
(28, 12)
(5, 12)
(7, 25)
(20, 23)
(29, 23)
(18, 7)
(11, 8)
(22, 15)
(17, 26)
(13, 25)
(18, 11)
(23, 28)
(1, 9)
(26, 21)
(17, 9)
(21, 14)
(17, 5)
(24, 10)
(22, 5)
(1, 11)
(15, 24)
(11, 20)
(0, 12)
(6, 24)
(22, 5)
(29, 17)
(18, 14)
(5, 18)
(3, 16)
(4, 27)
Unable to save timers to file D:/Unity Projects/NeuralNetwork/Builds/justDrive/NeuralNetwork_Data\ML-Agents\Timers\MLAgentsNew_timers.json
Setting up 10 worker threads for Enlighten.
  Thread -> id: 3708 -> priority: 1 
  Thread -> id: a820 -> priority: 1 
  Thread -> id: 93bc -> priority: 1 
  Thread -> id: 2e24 -> priority: 1 
  Thread -> id: 8e28 -> priority: 1 
  Thread -> id: 252c -> priority: 1 
  Thread -> id: a340 -> priority: 1 
  Thread -> id: a410 -> priority: 1 
  Thread -> id: 9304 -> priority: 1 
  Thread -> id: 9490 -> priority: 1 
